<?xml version="1.0" encoding="UTF-8"?>
<!-- Generated by org.testng.reporters.JUnitReportReporter -->
<testsuite hostname="DESKTOP-KDHLI5B" failures="0" tests="4" name="com.hubspot.tests.ContactsPageTest" time="486.481" errors="0" timestamp="2020-09-26T09:43:09 EDT" skipped="0">
  <testcase classname="com.hubspot.tests.ContactsPageTest" name="verifyContactsPage" time="40.202"/>
  <system-out/>
  <testcase classname="com.hubspot.tests.ContactsPageTest" name="createNewPOMContactTest" time="108.213"/>
  <system-out/>
  <testcase classname="com.hubspot.tests.ContactsPageTest" name="createNewPOMContactTest" time="94.897"/>
  <system-out/>
  <testcase classname="com.hubspot.tests.ContactsPageTest" name="createNewPOMContactTest" time="243.169"/>
  <system-out/>
</testsuite> <!-- com.hubspot.tests.ContactsPageTest -->
