<?xml version="1.0" encoding="UTF-8"?>
<!-- Generated by org.testng.reporters.JUnitReportReporter -->
<testsuite hostname="DESKTOP-KDHLI5B" failures="0" tests="4" name="com.hubspot.tests.LoginPageTest" time="89.433" errors="0" timestamp="2020-09-26T12:49:16 EDT" skipped="0">
  <testcase classname="com.hubspot.tests.LoginPageTest" name="getTitle" time="15.441"/>
  <system-out/>
  <testcase classname="com.hubspot.tests.LoginPageTest" name="loginTest1" time="26.294"/>
  <system-out/>
  <testcase classname="com.hubspot.tests.LoginPageTest" name="loginTest2" time="23.787"/>
  <system-out/>
  <testcase classname="com.hubspot.tests.LoginPageTest" name="loginTest3" time="23.911"/>
  <system-out/>
</testsuite> <!-- com.hubspot.tests.LoginPageTest -->
